<?xml version="1.0" encoding="UTF-8"?>
<!-- Generated by org.testng.reporters.JUnitReportReporter -->
<testsuite skipped="0" hostname="Administrator" name="com.dyt.ors.regression.AdminProducts" tests="2" failures="0" timestamp="19 Jun 2020 02:29:46 GMT" time="727.137" errors="0">
  <testcase name="TC002_addSubCategory" time="111.534" classname="com.dyt.ors.regression.AdminProducts"/>
  <testcase name="TC001_addMainCategory" time="615.603" classname="com.dyt.ors.regression.AdminProducts"/>
</testsuite> <!-- com.dyt.ors.regression.AdminProducts -->
