<?xml version="1.0" encoding="UTF-8"?>
<!-- Generated by org.testng.reporters.JUnitReportReporter -->
<testsuite skipped="0" hostname="lenavo-PC" name="com.dyt.ors.smoke.SmokeTestCases" tests="1" failures="0" timestamp="27 Jun 2020 02:31:30 GMT" time="232.078" errors="0">
  <testcase name="TC001_HomePage" time="232.078" classname="com.dyt.ors.smoke.SmokeTestCases"/>
</testsuite> <!-- com.dyt.ors.smoke.SmokeTestCases -->
